[0.187s] DEBUG:colcon:Command line arguments: ['/usr/bin/colcon', 'build']
[0.187s] DEBUG:colcon:Parsed command line arguments: Namespace(log_base=None, log_level=None, verb_name='build', build_base='build', install_base='install', merge_install=False, symlink_install=False, test_result_base=None, continue_on_error=False, executor='parallel', parallel_workers=16, event_handlers=None, ignore_user_meta=False, metas=['./colcon.meta'], base_paths=['.'], packages_ignore=None, packages_ignore_regex=None, paths=None, packages_up_to=None, packages_up_to_regex=None, packages_above=None, packages_above_and_dependencies=None, packages_above_depth=None, packages_select_by_dep=None, packages_skip_by_dep=None, packages_skip_up_to=None, packages_select_build_failed=False, packages_skip_build_finished=False, packages_select_test_failures=False, packages_skip_test_passed=False, packages_select=None, packages_skip=None, packages_select_regex=None, packages_skip_regex=None, packages_start=None, packages_end=None, allow_overriding=[], cmake_args=None, cmake_target=None, cmake_target_skip_unavailable=False, cmake_clean_cache=False, cmake_clean_first=False, cmake_force_configure=False, ament_cmake_args=None, catkin_cmake_args=None, catkin_skip_building_tests=False, verb_parser=<colcon_defaults.argument_parser.defaults.DefaultArgumentsDecorator object at 0x7efd5de064a0>, verb_extension=<colcon_core.verb.build.BuildVerb object at 0x7efd5e790670>, main=<bound method BuildVerb.main of <colcon_core.verb.build.BuildVerb object at 0x7efd5e790670>>)
[0.201s] Level 1:colcon.colcon_core.package_discovery:discover_packages(colcon_meta) check parameters
[0.201s] Level 1:colcon.colcon_core.package_discovery:discover_packages(recursive) check parameters
[0.201s] Level 1:colcon.colcon_core.package_discovery:discover_packages(ignore) check parameters
[0.201s] Level 1:colcon.colcon_core.package_discovery:discover_packages(path) check parameters
[0.201s] Level 1:colcon.colcon_core.package_discovery:discover_packages(colcon_meta) discover
[0.201s] Level 1:colcon.colcon_core.package_discovery:discover_packages(recursive) discover
[0.202s] INFO:colcon.colcon_core.package_discovery:Crawling recursively for packages in '/home/randy/ROS/bm661_ros2'
[0.202s] Level 1:colcon.colcon_core.package_identification:_identify(.) by extensions ['ignore', 'ignore_ament_install']
[0.202s] Level 1:colcon.colcon_core.package_identification:_identify(.) by extension 'ignore'
[0.202s] Level 1:colcon.colcon_core.package_identification:_identify(.) by extension 'ignore_ament_install'
[0.202s] Level 1:colcon.colcon_core.package_identification:_identify(.) by extensions ['colcon_pkg']
[0.202s] Level 1:colcon.colcon_core.package_identification:_identify(.) by extension 'colcon_pkg'
[0.202s] Level 1:colcon.colcon_core.package_identification:_identify(.) by extensions ['colcon_meta']
[0.202s] Level 1:colcon.colcon_core.package_identification:_identify(.) by extension 'colcon_meta'
[0.202s] Level 1:colcon.colcon_core.package_identification:_identify(.) by extensions ['ros']
[0.202s] Level 1:colcon.colcon_core.package_identification:_identify(.) by extension 'ros'
[0.217s] DEBUG:colcon.colcon_core.package_identification:Package '.' with type 'ros.ament_cmake' and name 'bm661_ros2'
[0.217s] Level 1:colcon.colcon_core.package_discovery:discover_packages(recursive) using defaults
[0.217s] Level 1:colcon.colcon_core.package_discovery:discover_packages(ignore) discover
[0.217s] Level 1:colcon.colcon_core.package_discovery:discover_packages(ignore) using defaults
[0.217s] Level 1:colcon.colcon_core.package_discovery:discover_packages(path) discover
[0.217s] Level 1:colcon.colcon_core.package_discovery:discover_packages(path) using defaults
[0.232s] Level 1:colcon.colcon_core.package_discovery:discover_packages(prefix_path) check parameters
[0.232s] Level 1:colcon.colcon_core.package_discovery:discover_packages(prefix_path) discover
[0.234s] DEBUG:colcon.colcon_installed_package_information.package_discovery:Found 297 installed packages in /opt/ros/humble
[0.236s] Level 1:colcon.colcon_core.package_discovery:discover_packages(prefix_path) using defaults
[0.275s] Level 5:colcon.colcon_core.verb:set package 'bm661_ros2' build argument 'cmake_args' from command line to 'None'
[0.275s] Level 5:colcon.colcon_core.verb:set package 'bm661_ros2' build argument 'cmake_target' from command line to 'None'
[0.275s] Level 5:colcon.colcon_core.verb:set package 'bm661_ros2' build argument 'cmake_target_skip_unavailable' from command line to 'False'
[0.275s] Level 5:colcon.colcon_core.verb:set package 'bm661_ros2' build argument 'cmake_clean_cache' from command line to 'False'
[0.275s] Level 5:colcon.colcon_core.verb:set package 'bm661_ros2' build argument 'cmake_clean_first' from command line to 'False'
[0.275s] Level 5:colcon.colcon_core.verb:set package 'bm661_ros2' build argument 'cmake_force_configure' from command line to 'False'
[0.275s] Level 5:colcon.colcon_core.verb:set package 'bm661_ros2' build argument 'ament_cmake_args' from command line to 'None'
[0.275s] Level 5:colcon.colcon_core.verb:set package 'bm661_ros2' build argument 'catkin_cmake_args' from command line to 'None'
[0.275s] Level 5:colcon.colcon_core.verb:set package 'bm661_ros2' build argument 'catkin_skip_building_tests' from command line to 'False'
[0.275s] DEBUG:colcon.colcon_core.verb:Building package 'bm661_ros2' with the following arguments: {'ament_cmake_args': None, 'build_base': '/home/randy/ROS/bm661_ros2/build/bm661_ros2', 'catkin_cmake_args': None, 'catkin_skip_building_tests': False, 'cmake_args': None, 'cmake_clean_cache': False, 'cmake_clean_first': False, 'cmake_force_configure': False, 'cmake_target': None, 'cmake_target_skip_unavailable': False, 'install_base': '/home/randy/ROS/bm661_ros2/install/bm661_ros2', 'merge_install': False, 'path': '/home/randy/ROS/bm661_ros2', 'symlink_install': False, 'test_result_base': None}
[0.276s] INFO:colcon.colcon_core.executor:Executing jobs using 'parallel' executor
[0.278s] DEBUG:colcon.colcon_parallel_executor.executor.parallel:run_until_complete
[0.278s] INFO:colcon.colcon_ros.task.ament_cmake.build:Building ROS package in '/home/randy/ROS/bm661_ros2' with build type 'ament_cmake'
[0.279s] INFO:colcon.colcon_cmake.task.cmake.build:Building CMake package in '/home/randy/ROS/bm661_ros2'
[0.281s] INFO:colcon.colcon_core.plugin_system:Skipping extension 'colcon_core.shell.bat': Not used on non-Windows systems
[0.282s] INFO:colcon.colcon_core.shell:Skip shell extension 'powershell' for command environment: Not usable outside of PowerShell
[0.282s] DEBUG:colcon.colcon_core.shell:Skip shell extension 'dsv' for command environment
[0.289s] DEBUG:colcon.colcon_core.event_handler.log_command:Invoking command in '/home/randy/ROS/bm661_ros2/build/bm661_ros2': CMAKE_PREFIX_PATH=/opt/ros/humble /usr/bin/cmake --build /home/randy/ROS/bm661_ros2/build/bm661_ros2 -- -j16 -l16
[4.470s] DEBUG:colcon.colcon_core.event_handler.log_command:Invoked command in '/home/randy/ROS/bm661_ros2/build/bm661_ros2' returned '0': CMAKE_PREFIX_PATH=/opt/ros/humble /usr/bin/cmake --build /home/randy/ROS/bm661_ros2/build/bm661_ros2 -- -j16 -l16
[4.488s] DEBUG:colcon.colcon_core.event_handler.log_command:Invoking command in '/home/randy/ROS/bm661_ros2/build/bm661_ros2': CMAKE_PREFIX_PATH=/opt/ros/humble /usr/bin/cmake --install /home/randy/ROS/bm661_ros2/build/bm661_ros2
[4.495s] Level 1:colcon.colcon_core.environment:create_environment_scripts_only(bm661_ros2)
[4.495s] DEBUG:colcon.colcon_core.event_handler.log_command:Invoked command in '/home/randy/ROS/bm661_ros2/build/bm661_ros2' returned '0': CMAKE_PREFIX_PATH=/opt/ros/humble /usr/bin/cmake --install /home/randy/ROS/bm661_ros2/build/bm661_ros2
[4.498s] Level 1:colcon.colcon_core.environment:checking '/home/randy/ROS/bm661_ros2/install/bm661_ros2' for CMake module files
[4.498s] Level 1:colcon.colcon_core.environment:checking '/home/randy/ROS/bm661_ros2/install/bm661_ros2' for CMake config files
[4.499s] Level 1:colcon.colcon_core.shell:create_environment_hook('bm661_ros2', 'cmake_prefix_path')
[4.499s] INFO:colcon.colcon_core.shell:Creating environment hook '/home/randy/ROS/bm661_ros2/install/bm661_ros2/share/bm661_ros2/hook/cmake_prefix_path.ps1'
[4.500s] INFO:colcon.colcon_core.shell:Creating environment descriptor '/home/randy/ROS/bm661_ros2/install/bm661_ros2/share/bm661_ros2/hook/cmake_prefix_path.dsv'
[4.500s] INFO:colcon.colcon_core.shell:Creating environment hook '/home/randy/ROS/bm661_ros2/install/bm661_ros2/share/bm661_ros2/hook/cmake_prefix_path.sh'
[4.501s] Level 1:colcon.colcon_core.environment:checking '/home/randy/ROS/bm661_ros2/install/bm661_ros2/lib'
[4.501s] Level 1:colcon.colcon_core.environment:checking '/home/randy/ROS/bm661_ros2/install/bm661_ros2/bin'
[4.501s] Level 1:colcon.colcon_core.environment:checking '/home/randy/ROS/bm661_ros2/install/bm661_ros2/lib/pkgconfig/bm661_ros2.pc'
[4.501s] Level 1:colcon.colcon_core.environment:checking '/home/randy/ROS/bm661_ros2/install/bm661_ros2/lib/python3.10/site-packages'
[4.501s] Level 1:colcon.colcon_core.environment:checking '/home/randy/ROS/bm661_ros2/install/bm661_ros2/bin'
[4.502s] INFO:colcon.colcon_core.shell:Creating package script '/home/randy/ROS/bm661_ros2/install/bm661_ros2/share/bm661_ros2/package.ps1'
[4.502s] INFO:colcon.colcon_core.shell:Creating package descriptor '/home/randy/ROS/bm661_ros2/install/bm661_ros2/share/bm661_ros2/package.dsv'
[4.503s] INFO:colcon.colcon_core.shell:Creating package script '/home/randy/ROS/bm661_ros2/install/bm661_ros2/share/bm661_ros2/package.sh'
[4.503s] INFO:colcon.colcon_core.shell:Creating package script '/home/randy/ROS/bm661_ros2/install/bm661_ros2/share/bm661_ros2/package.bash'
[4.503s] INFO:colcon.colcon_core.shell:Creating package script '/home/randy/ROS/bm661_ros2/install/bm661_ros2/share/bm661_ros2/package.zsh'
[4.504s] Level 1:colcon.colcon_core.environment:create_file_with_runtime_dependencies(/home/randy/ROS/bm661_ros2/install/bm661_ros2/share/colcon-core/packages/bm661_ros2)
[4.518s] Level 1:colcon.colcon_core.environment:create_environment_scripts_only(bm661_ros2)
[4.519s] Level 1:colcon.colcon_core.environment:checking '/home/randy/ROS/bm661_ros2/install/bm661_ros2' for CMake module files
[4.520s] Level 1:colcon.colcon_core.environment:checking '/home/randy/ROS/bm661_ros2/install/bm661_ros2' for CMake config files
[4.520s] Level 1:colcon.colcon_core.shell:create_environment_hook('bm661_ros2', 'cmake_prefix_path')
[4.521s] INFO:colcon.colcon_core.shell:Creating environment hook '/home/randy/ROS/bm661_ros2/install/bm661_ros2/share/bm661_ros2/hook/cmake_prefix_path.ps1'
[4.521s] INFO:colcon.colcon_core.shell:Creating environment descriptor '/home/randy/ROS/bm661_ros2/install/bm661_ros2/share/bm661_ros2/hook/cmake_prefix_path.dsv'
[4.521s] INFO:colcon.colcon_core.shell:Creating environment hook '/home/randy/ROS/bm661_ros2/install/bm661_ros2/share/bm661_ros2/hook/cmake_prefix_path.sh'
[4.522s] Level 1:colcon.colcon_core.environment:checking '/home/randy/ROS/bm661_ros2/install/bm661_ros2/lib'
[4.522s] Level 1:colcon.colcon_core.environment:checking '/home/randy/ROS/bm661_ros2/install/bm661_ros2/bin'
[4.522s] Level 1:colcon.colcon_core.environment:checking '/home/randy/ROS/bm661_ros2/install/bm661_ros2/lib/pkgconfig/bm661_ros2.pc'
[4.522s] Level 1:colcon.colcon_core.environment:checking '/home/randy/ROS/bm661_ros2/install/bm661_ros2/lib/python3.10/site-packages'
[4.522s] Level 1:colcon.colcon_core.environment:checking '/home/randy/ROS/bm661_ros2/install/bm661_ros2/bin'
[4.523s] INFO:colcon.colcon_core.shell:Creating package script '/home/randy/ROS/bm661_ros2/install/bm661_ros2/share/bm661_ros2/package.ps1'
[4.523s] INFO:colcon.colcon_core.shell:Creating package descriptor '/home/randy/ROS/bm661_ros2/install/bm661_ros2/share/bm661_ros2/package.dsv'
[4.524s] INFO:colcon.colcon_core.shell:Creating package script '/home/randy/ROS/bm661_ros2/install/bm661_ros2/share/bm661_ros2/package.sh'
[4.524s] INFO:colcon.colcon_core.shell:Creating package script '/home/randy/ROS/bm661_ros2/install/bm661_ros2/share/bm661_ros2/package.bash'
[4.524s] INFO:colcon.colcon_core.shell:Creating package script '/home/randy/ROS/bm661_ros2/install/bm661_ros2/share/bm661_ros2/package.zsh'
[4.524s] Level 1:colcon.colcon_core.environment:create_file_with_runtime_dependencies(/home/randy/ROS/bm661_ros2/install/bm661_ros2/share/colcon-core/packages/bm661_ros2)
[4.525s] DEBUG:colcon.colcon_parallel_executor.executor.parallel:closing loop
[4.525s] DEBUG:colcon.colcon_parallel_executor.executor.parallel:loop closed
[4.525s] DEBUG:colcon.colcon_parallel_executor.executor.parallel:run_until_complete finished with '0'
[4.525s] DEBUG:colcon.colcon_core.event_reactor:joining thread
[4.529s] INFO:colcon.colcon_core.plugin_system:Skipping extension 'colcon_notification.desktop_notification.notify_send': Could not find 'notify-send'
[4.529s] INFO:colcon.colcon_core.plugin_system:Skipping extension 'colcon_notification.desktop_notification.terminal_notifier': Not used on non-Darwin systems
[4.529s] INFO:colcon.colcon_core.plugin_system:Skipping extension 'colcon_notification.desktop_notification.win32': Not used on non-Windows systems
[4.529s] INFO:colcon.colcon_notification.desktop_notification:Sending desktop notification using 'notify2'
[4.537s] DEBUG:colcon.colcon_core.event_reactor:joined thread
[4.538s] INFO:colcon.colcon_core.shell:Creating prefix script '/home/randy/ROS/bm661_ros2/install/local_setup.ps1'
[4.539s] INFO:colcon.colcon_core.shell:Creating prefix util module '/home/randy/ROS/bm661_ros2/install/_local_setup_util_ps1.py'
[4.540s] INFO:colcon.colcon_core.shell:Creating prefix chain script '/home/randy/ROS/bm661_ros2/install/setup.ps1'
[4.540s] INFO:colcon.colcon_core.shell:Creating prefix script '/home/randy/ROS/bm661_ros2/install/local_setup.sh'
[4.541s] INFO:colcon.colcon_core.shell:Creating prefix util module '/home/randy/ROS/bm661_ros2/install/_local_setup_util_sh.py'
[4.541s] INFO:colcon.colcon_core.shell:Creating prefix chain script '/home/randy/ROS/bm661_ros2/install/setup.sh'
[4.542s] INFO:colcon.colcon_core.shell:Creating prefix script '/home/randy/ROS/bm661_ros2/install/local_setup.bash'
[4.542s] INFO:colcon.colcon_core.shell:Creating prefix chain script '/home/randy/ROS/bm661_ros2/install/setup.bash'
[4.543s] INFO:colcon.colcon_core.shell:Creating prefix script '/home/randy/ROS/bm661_ros2/install/local_setup.zsh'
[4.543s] INFO:colcon.colcon_core.shell:Creating prefix chain script '/home/randy/ROS/bm661_ros2/install/setup.zsh'
