[0.009s] Invoking command in '/home/randy/ROS/bm661_ros2/build/bm661_ros2': CMAKE_PREFIX_PATH=${CMAKE_PREFIX_PATH}:/opt/ros/humble /usr/bin/cmake --build /home/randy/ROS/bm661_ros2/build/bm661_ros2 -- -j16 -l16
[0.034s] [35m[1mConsolidate compiler generated dependencies of target bm661[0m
[0.044s] [ 50%] [32mBuilding CXX object CMakeFiles/bm661.dir/src/bm661.cpp.o[0m
[3.061s] [100%] [32m[1mLinking CXX executable bm661[0m
[3.193s] [100%] Built target bm661
[3.206s] Invoked command in '/home/randy/ROS/bm661_ros2/build/bm661_ros2' returned '0': CMAKE_PREFIX_PATH=${CMAKE_PREFIX_PATH}:/opt/ros/humble /usr/bin/cmake --build /home/randy/ROS/bm661_ros2/build/bm661_ros2 -- -j16 -l16
[3.226s] Invoking command in '/home/randy/ROS/bm661_ros2/build/bm661_ros2': CMAKE_PREFIX_PATH=${CMAKE_PREFIX_PATH}:/opt/ros/humble /usr/bin/cmake --install /home/randy/ROS/bm661_ros2/build/bm661_ros2
[3.230s] -- Install configuration: ""
[3.230s] -- Installing: /home/randy/ROS/bm661_ros2/install/bm661_ros2/lib/bm661_ros2/bm661
[3.231s] -- Set runtime path of "/home/randy/ROS/bm661_ros2/install/bm661_ros2/lib/bm661_ros2/bm661" to ""
[3.231s] -- Up-to-date: /home/randy/ROS/bm661_ros2/install/bm661_ros2/share/bm661_ros2//launch
[3.231s] -- Up-to-date: /home/randy/ROS/bm661_ros2/install/bm661_ros2/share/bm661_ros2//launch/bm661.launch
[3.231s] -- Up-to-date: /home/randy/ROS/bm661_ros2/install/bm661_ros2/share/bm661_ros2//rviz
[3.231s] -- Up-to-date: /home/randy/ROS/bm661_ros2/install/bm661_ros2/share/bm661_ros2//rviz/rviz_scan.rviz
[3.231s] -- Up-to-date: /home/randy/ROS/bm661_ros2/install/bm661_ros2/share/ament_index/resource_index/package_run_dependencies/bm661_ros2
[3.231s] -- Up-to-date: /home/randy/ROS/bm661_ros2/install/bm661_ros2/share/ament_index/resource_index/parent_prefix_path/bm661_ros2
[3.231s] -- Up-to-date: /home/randy/ROS/bm661_ros2/install/bm661_ros2/share/bm661_ros2/environment/ament_prefix_path.sh
[3.231s] -- Up-to-date: /home/randy/ROS/bm661_ros2/install/bm661_ros2/share/bm661_ros2/environment/ament_prefix_path.dsv
[3.231s] -- Up-to-date: /home/randy/ROS/bm661_ros2/install/bm661_ros2/share/bm661_ros2/environment/path.sh
[3.232s] -- Up-to-date: /home/randy/ROS/bm661_ros2/install/bm661_ros2/share/bm661_ros2/environment/path.dsv
[3.232s] -- Up-to-date: /home/randy/ROS/bm661_ros2/install/bm661_ros2/share/bm661_ros2/local_setup.bash
[3.232s] -- Up-to-date: /home/randy/ROS/bm661_ros2/install/bm661_ros2/share/bm661_ros2/local_setup.sh
[3.232s] -- Up-to-date: /home/randy/ROS/bm661_ros2/install/bm661_ros2/share/bm661_ros2/local_setup.zsh
[3.232s] -- Up-to-date: /home/randy/ROS/bm661_ros2/install/bm661_ros2/share/bm661_ros2/local_setup.dsv
[3.232s] -- Installing: /home/randy/ROS/bm661_ros2/install/bm661_ros2/share/bm661_ros2/package.dsv
[3.232s] -- Up-to-date: /home/randy/ROS/bm661_ros2/install/bm661_ros2/share/ament_index/resource_index/packages/bm661_ros2
[3.232s] -- Up-to-date: /home/randy/ROS/bm661_ros2/install/bm661_ros2/share/bm661_ros2/cmake/bm661_ros2Config.cmake
[3.232s] -- Up-to-date: /home/randy/ROS/bm661_ros2/install/bm661_ros2/share/bm661_ros2/cmake/bm661_ros2Config-version.cmake
[3.232s] -- Up-to-date: /home/randy/ROS/bm661_ros2/install/bm661_ros2/share/bm661_ros2/package.xml
[3.233s] Invoked command in '/home/randy/ROS/bm661_ros2/build/bm661_ros2' returned '0': CMAKE_PREFIX_PATH=${CMAKE_PREFIX_PATH}:/opt/ros/humble /usr/bin/cmake --install /home/randy/ROS/bm661_ros2/build/bm661_ros2
