[0.180s] DEBUG:colcon:Command line arguments: ['/usr/bin/colcon', 'build']
[0.180s] DEBUG:colcon:Parsed command line arguments: Namespace(log_base=None, log_level=None, verb_name='build', build_base='build', install_base='install', merge_install=False, symlink_install=False, test_result_base=None, continue_on_error=False, executor='parallel', parallel_workers=16, event_handlers=None, ignore_user_meta=False, metas=['./colcon.meta'], base_paths=['.'], packages_ignore=None, packages_ignore_regex=None, paths=None, packages_up_to=None, packages_up_to_regex=None, packages_above=None, packages_above_and_dependencies=None, packages_above_depth=None, packages_select_by_dep=None, packages_skip_by_dep=None, packages_skip_up_to=None, packages_select_build_failed=False, packages_skip_build_finished=False, packages_select_test_failures=False, packages_skip_test_passed=False, packages_select=None, packages_skip=None, packages_select_regex=None, packages_skip_regex=None, packages_start=None, packages_end=None, allow_overriding=[], cmake_args=None, cmake_target=None, cmake_target_skip_unavailable=False, cmake_clean_cache=False, cmake_clean_first=False, cmake_force_configure=False, ament_cmake_args=None, catkin_cmake_args=None, catkin_skip_building_tests=False, verb_parser=<colcon_defaults.argument_parser.defaults.DefaultArgumentsDecorator object at 0x7fec8d0e6d40>, verb_extension=<colcon_core.verb.build.BuildVerb object at 0x7fec8daa2bf0>, main=<bound method BuildVerb.main of <colcon_core.verb.build.BuildVerb object at 0x7fec8daa2bf0>>)
[0.195s] Level 1:colcon.colcon_core.package_discovery:discover_packages(colcon_meta) check parameters
[0.195s] Level 1:colcon.colcon_core.package_discovery:discover_packages(recursive) check parameters
[0.195s] Level 1:colcon.colcon_core.package_discovery:discover_packages(ignore) check parameters
[0.195s] Level 1:colcon.colcon_core.package_discovery:discover_packages(path) check parameters
[0.195s] Level 1:colcon.colcon_core.package_discovery:discover_packages(colcon_meta) discover
[0.195s] Level 1:colcon.colcon_core.package_discovery:discover_packages(recursive) discover
[0.195s] INFO:colcon.colcon_core.package_discovery:Crawling recursively for packages in '/home/randy/ROS/bm661_ros2'
[0.195s] Level 1:colcon.colcon_core.package_identification:_identify(.) by extensions ['ignore', 'ignore_ament_install']
[0.195s] Level 1:colcon.colcon_core.package_identification:_identify(.) by extension 'ignore'
[0.195s] Level 1:colcon.colcon_core.package_identification:_identify(.) by extension 'ignore_ament_install'
[0.195s] Level 1:colcon.colcon_core.package_identification:_identify(.) by extensions ['colcon_pkg']
[0.195s] Level 1:colcon.colcon_core.package_identification:_identify(.) by extension 'colcon_pkg'
[0.195s] Level 1:colcon.colcon_core.package_identification:_identify(.) by extensions ['colcon_meta']
[0.195s] Level 1:colcon.colcon_core.package_identification:_identify(.) by extension 'colcon_meta'
[0.195s] Level 1:colcon.colcon_core.package_identification:_identify(.) by extensions ['ros']
[0.195s] Level 1:colcon.colcon_core.package_identification:_identify(.) by extension 'ros'
[0.211s] DEBUG:colcon.colcon_core.package_identification:Package '.' with type 'ros.ament_cmake' and name 'bm661_ros2'
[0.211s] Level 1:colcon.colcon_core.package_discovery:discover_packages(recursive) using defaults
[0.211s] Level 1:colcon.colcon_core.package_discovery:discover_packages(ignore) discover
[0.211s] Level 1:colcon.colcon_core.package_discovery:discover_packages(ignore) using defaults
[0.211s] Level 1:colcon.colcon_core.package_discovery:discover_packages(path) discover
[0.211s] Level 1:colcon.colcon_core.package_discovery:discover_packages(path) using defaults
[0.226s] Level 1:colcon.colcon_core.package_discovery:discover_packages(prefix_path) check parameters
[0.226s] Level 1:colcon.colcon_core.package_discovery:discover_packages(prefix_path) discover
[0.228s] DEBUG:colcon.colcon_installed_package_information.package_discovery:Found 1 installed packages in /home/randy/ROS/bm661_ros2/install
[0.229s] DEBUG:colcon.colcon_installed_package_information.package_discovery:Found 270 installed packages in /opt/ros/humble
[0.230s] Level 1:colcon.colcon_core.package_discovery:discover_packages(prefix_path) using defaults
[0.267s] Level 5:colcon.colcon_core.verb:set package 'bm661_ros2' build argument 'cmake_args' from command line to 'None'
[0.267s] Level 5:colcon.colcon_core.verb:set package 'bm661_ros2' build argument 'cmake_target' from command line to 'None'
[0.267s] Level 5:colcon.colcon_core.verb:set package 'bm661_ros2' build argument 'cmake_target_skip_unavailable' from command line to 'False'
[0.267s] Level 5:colcon.colcon_core.verb:set package 'bm661_ros2' build argument 'cmake_clean_cache' from command line to 'False'
[0.267s] Level 5:colcon.colcon_core.verb:set package 'bm661_ros2' build argument 'cmake_clean_first' from command line to 'False'
[0.267s] Level 5:colcon.colcon_core.verb:set package 'bm661_ros2' build argument 'cmake_force_configure' from command line to 'False'
[0.267s] Level 5:colcon.colcon_core.verb:set package 'bm661_ros2' build argument 'ament_cmake_args' from command line to 'None'
[0.267s] Level 5:colcon.colcon_core.verb:set package 'bm661_ros2' build argument 'catkin_cmake_args' from command line to 'None'
[0.267s] Level 5:colcon.colcon_core.verb:set package 'bm661_ros2' build argument 'catkin_skip_building_tests' from command line to 'False'
[0.267s] DEBUG:colcon.colcon_core.verb:Building package 'bm661_ros2' with the following arguments: {'ament_cmake_args': None, 'build_base': '/home/randy/ROS/bm661_ros2/build/bm661_ros2', 'catkin_cmake_args': None, 'catkin_skip_building_tests': False, 'cmake_args': None, 'cmake_clean_cache': False, 'cmake_clean_first': False, 'cmake_force_configure': False, 'cmake_target': None, 'cmake_target_skip_unavailable': False, 'install_base': '/home/randy/ROS/bm661_ros2/install/bm661_ros2', 'merge_install': False, 'path': '/home/randy/ROS/bm661_ros2', 'symlink_install': False, 'test_result_base': None}
[0.267s] INFO:colcon.colcon_core.executor:Executing jobs using 'parallel' executor
[0.270s] DEBUG:colcon.colcon_parallel_executor.executor.parallel:run_until_complete
[0.270s] INFO:colcon.colcon_ros.task.ament_cmake.build:Building ROS package in '/home/randy/ROS/bm661_ros2' with build type 'ament_cmake'
[0.270s] INFO:colcon.colcon_cmake.task.cmake.build:Building CMake package in '/home/randy/ROS/bm661_ros2'
[0.273s] INFO:colcon.colcon_core.plugin_system:Skipping extension 'colcon_core.shell.bat': Not used on non-Windows systems
[0.273s] INFO:colcon.colcon_core.shell:Skip shell extension 'powershell' for command environment: Not usable outside of PowerShell
[0.273s] DEBUG:colcon.colcon_core.shell:Skip shell extension 'dsv' for command environment
[0.280s] DEBUG:colcon.colcon_core.event_handler.log_command:Invoking command in '/home/randy/ROS/bm661_ros2/build/bm661_ros2': CMAKE_PREFIX_PATH=${CMAKE_PREFIX_PATH}:/opt/ros/humble /usr/bin/cmake --build /home/randy/ROS/bm661_ros2/build/bm661_ros2 -- -j16 -l16
[0.320s] DEBUG:colcon.colcon_core.event_handler.log_command:Invoked command in '/home/randy/ROS/bm661_ros2/build/bm661_ros2' returned '0': CMAKE_PREFIX_PATH=${CMAKE_PREFIX_PATH}:/opt/ros/humble /usr/bin/cmake --build /home/randy/ROS/bm661_ros2/build/bm661_ros2 -- -j16 -l16
[0.337s] DEBUG:colcon.colcon_core.event_handler.log_command:Invoking command in '/home/randy/ROS/bm661_ros2/build/bm661_ros2': CMAKE_PREFIX_PATH=${CMAKE_PREFIX_PATH}:/opt/ros/humble /usr/bin/cmake --install /home/randy/ROS/bm661_ros2/build/bm661_ros2
[0.342s] Level 1:colcon.colcon_core.environment:create_environment_scripts_only(bm661_ros2)
[0.342s] DEBUG:colcon.colcon_core.event_handler.log_command:Invoked command in '/home/randy/ROS/bm661_ros2/build/bm661_ros2' returned '0': CMAKE_PREFIX_PATH=${CMAKE_PREFIX_PATH}:/opt/ros/humble /usr/bin/cmake --install /home/randy/ROS/bm661_ros2/build/bm661_ros2
[0.345s] Level 1:colcon.colcon_core.environment:checking '/home/randy/ROS/bm661_ros2/install/bm661_ros2' for CMake module files
[0.346s] Level 1:colcon.colcon_core.environment:checking '/home/randy/ROS/bm661_ros2/install/bm661_ros2' for CMake config files
[0.346s] Level 1:colcon.colcon_core.shell:create_environment_hook('bm661_ros2', 'cmake_prefix_path')
[0.346s] INFO:colcon.colcon_core.shell:Creating environment hook '/home/randy/ROS/bm661_ros2/install/bm661_ros2/share/bm661_ros2/hook/cmake_prefix_path.ps1'
[0.347s] INFO:colcon.colcon_core.shell:Creating environment descriptor '/home/randy/ROS/bm661_ros2/install/bm661_ros2/share/bm661_ros2/hook/cmake_prefix_path.dsv'
[0.347s] INFO:colcon.colcon_core.shell:Creating environment hook '/home/randy/ROS/bm661_ros2/install/bm661_ros2/share/bm661_ros2/hook/cmake_prefix_path.sh'
[0.348s] Level 1:colcon.colcon_core.environment:checking '/home/randy/ROS/bm661_ros2/install/bm661_ros2/lib'
[0.348s] Level 1:colcon.colcon_core.environment:checking '/home/randy/ROS/bm661_ros2/install/bm661_ros2/bin'
[0.348s] Level 1:colcon.colcon_core.environment:checking '/home/randy/ROS/bm661_ros2/install/bm661_ros2/lib/pkgconfig/bm661_ros2.pc'
[0.348s] Level 1:colcon.colcon_core.environment:checking '/home/randy/ROS/bm661_ros2/install/bm661_ros2/lib/python3.10/site-packages'
[0.348s] Level 1:colcon.colcon_core.environment:checking '/home/randy/ROS/bm661_ros2/install/bm661_ros2/bin'
[0.349s] INFO:colcon.colcon_core.shell:Creating package script '/home/randy/ROS/bm661_ros2/install/bm661_ros2/share/bm661_ros2/package.ps1'
[0.350s] INFO:colcon.colcon_core.shell:Creating package descriptor '/home/randy/ROS/bm661_ros2/install/bm661_ros2/share/bm661_ros2/package.dsv'
[0.350s] INFO:colcon.colcon_core.shell:Creating package script '/home/randy/ROS/bm661_ros2/install/bm661_ros2/share/bm661_ros2/package.sh'
[0.350s] INFO:colcon.colcon_core.shell:Creating package script '/home/randy/ROS/bm661_ros2/install/bm661_ros2/share/bm661_ros2/package.bash'
[0.351s] INFO:colcon.colcon_core.shell:Creating package script '/home/randy/ROS/bm661_ros2/install/bm661_ros2/share/bm661_ros2/package.zsh'
[0.351s] Level 1:colcon.colcon_core.environment:create_file_with_runtime_dependencies(/home/randy/ROS/bm661_ros2/install/bm661_ros2/share/colcon-core/packages/bm661_ros2)
[0.365s] Level 1:colcon.colcon_core.environment:create_environment_scripts_only(bm661_ros2)
[0.366s] Level 1:colcon.colcon_core.environment:checking '/home/randy/ROS/bm661_ros2/install/bm661_ros2' for CMake module files
[0.366s] Level 1:colcon.colcon_core.environment:checking '/home/randy/ROS/bm661_ros2/install/bm661_ros2' for CMake config files
[0.366s] Level 1:colcon.colcon_core.shell:create_environment_hook('bm661_ros2', 'cmake_prefix_path')
[0.367s] INFO:colcon.colcon_core.shell:Creating environment hook '/home/randy/ROS/bm661_ros2/install/bm661_ros2/share/bm661_ros2/hook/cmake_prefix_path.ps1'
[0.368s] INFO:colcon.colcon_core.shell:Creating environment descriptor '/home/randy/ROS/bm661_ros2/install/bm661_ros2/share/bm661_ros2/hook/cmake_prefix_path.dsv'
[0.368s] INFO:colcon.colcon_core.shell:Creating environment hook '/home/randy/ROS/bm661_ros2/install/bm661_ros2/share/bm661_ros2/hook/cmake_prefix_path.sh'
[0.368s] Level 1:colcon.colcon_core.environment:checking '/home/randy/ROS/bm661_ros2/install/bm661_ros2/lib'
[0.368s] Level 1:colcon.colcon_core.environment:checking '/home/randy/ROS/bm661_ros2/install/bm661_ros2/bin'
[0.368s] Level 1:colcon.colcon_core.environment:checking '/home/randy/ROS/bm661_ros2/install/bm661_ros2/lib/pkgconfig/bm661_ros2.pc'
[0.368s] Level 1:colcon.colcon_core.environment:checking '/home/randy/ROS/bm661_ros2/install/bm661_ros2/lib/python3.10/site-packages'
[0.368s] Level 1:colcon.colcon_core.environment:checking '/home/randy/ROS/bm661_ros2/install/bm661_ros2/bin'
[0.369s] INFO:colcon.colcon_core.shell:Creating package script '/home/randy/ROS/bm661_ros2/install/bm661_ros2/share/bm661_ros2/package.ps1'
[0.370s] INFO:colcon.colcon_core.shell:Creating package descriptor '/home/randy/ROS/bm661_ros2/install/bm661_ros2/share/bm661_ros2/package.dsv'
[0.370s] INFO:colcon.colcon_core.shell:Creating package script '/home/randy/ROS/bm661_ros2/install/bm661_ros2/share/bm661_ros2/package.sh'
[0.370s] INFO:colcon.colcon_core.shell:Creating package script '/home/randy/ROS/bm661_ros2/install/bm661_ros2/share/bm661_ros2/package.bash'
[0.371s] INFO:colcon.colcon_core.shell:Creating package script '/home/randy/ROS/bm661_ros2/install/bm661_ros2/share/bm661_ros2/package.zsh'
[0.371s] Level 1:colcon.colcon_core.environment:create_file_with_runtime_dependencies(/home/randy/ROS/bm661_ros2/install/bm661_ros2/share/colcon-core/packages/bm661_ros2)
[0.371s] DEBUG:colcon.colcon_parallel_executor.executor.parallel:closing loop
[0.371s] DEBUG:colcon.colcon_parallel_executor.executor.parallel:loop closed
[0.371s] DEBUG:colcon.colcon_parallel_executor.executor.parallel:run_until_complete finished with '0'
[0.371s] DEBUG:colcon.colcon_core.event_reactor:joining thread
[0.375s] INFO:colcon.colcon_core.plugin_system:Skipping extension 'colcon_notification.desktop_notification.notify_send': Could not find 'notify-send'
[0.375s] INFO:colcon.colcon_core.plugin_system:Skipping extension 'colcon_notification.desktop_notification.terminal_notifier': Not used on non-Darwin systems
[0.375s] INFO:colcon.colcon_core.plugin_system:Skipping extension 'colcon_notification.desktop_notification.win32': Not used on non-Windows systems
[0.375s] INFO:colcon.colcon_notification.desktop_notification:Sending desktop notification using 'notify2'
[0.383s] DEBUG:colcon.colcon_core.event_reactor:joined thread
[0.385s] INFO:colcon.colcon_core.shell:Creating prefix script '/home/randy/ROS/bm661_ros2/install/local_setup.ps1'
[0.385s] INFO:colcon.colcon_core.shell:Creating prefix util module '/home/randy/ROS/bm661_ros2/install/_local_setup_util_ps1.py'
[0.386s] INFO:colcon.colcon_core.shell:Creating prefix chain script '/home/randy/ROS/bm661_ros2/install/setup.ps1'
[0.387s] INFO:colcon.colcon_core.shell:Creating prefix script '/home/randy/ROS/bm661_ros2/install/local_setup.sh'
[0.387s] INFO:colcon.colcon_core.shell:Creating prefix util module '/home/randy/ROS/bm661_ros2/install/_local_setup_util_sh.py'
[0.388s] INFO:colcon.colcon_core.shell:Creating prefix chain script '/home/randy/ROS/bm661_ros2/install/setup.sh'
[0.389s] INFO:colcon.colcon_core.shell:Creating prefix script '/home/randy/ROS/bm661_ros2/install/local_setup.bash'
[0.389s] INFO:colcon.colcon_core.shell:Creating prefix chain script '/home/randy/ROS/bm661_ros2/install/setup.bash'
[0.390s] INFO:colcon.colcon_core.shell:Creating prefix script '/home/randy/ROS/bm661_ros2/install/local_setup.zsh'
[0.390s] INFO:colcon.colcon_core.shell:Creating prefix chain script '/home/randy/ROS/bm661_ros2/install/setup.zsh'
