[35m[1mConsolidate compiler generated dependencies of target bm661[0m
[ 50%] [32mBuilding CXX object CMakeFiles/bm661.dir/src/bm661.cpp.o[0m
[01m[K/home/randy/ROS/bm661_ros2/src/bm661.cpp:[m[K In function ‘[01m[Kint main(int, char**)[m[K’:
[01m[K/home/randy/ROS/bm661_ros2/src/bm661.cpp:63:19:[m[K [01;35m[Kwarning: [m[Kunused variable ‘[01m[Kpublish_t[m[K’ [[01;35m[K]8;;https://gcc.gnu.org/onlinedocs/gcc/Warning-Options.html#index-Wunused-variable-Wunused-variable]8;;[m[K]
   63 |         pthread_t [01;35m[Kpublish_t[m[K, recv_t;
      |                   [01;35m[K^~~~~~~~~[m[K
[01m[K/home/randy/ROS/bm661_ros2/src/bm661.cpp:63:30:[m[K [01;35m[Kwarning: [m[Kunused variable ‘[01m[Krecv_t[m[K’ [[01;35m[K]8;;https://gcc.gnu.org/onlinedocs/gcc/Warning-Options.html#index-Wunused-variable-Wunused-variable]8;;[m[K]
   63 |         pthread_t publish_t, [01;35m[Krecv_t[m[K;
      |                              [01;35m[K^~~~~~[m[K
[100%] [32m[1mLinking CXX executable bm661[0m
[100%] Built target bm661
-- Install configuration: ""
-- Installing: /home/randy/ROS/bm661_ros2/install/bm661_ros2/lib/bm661_ros2/bm661
-- Set runtime path of "/home/randy/ROS/bm661_ros2/install/bm661_ros2/lib/bm661_ros2/bm661" to ""
-- Up-to-date: /home/randy/ROS/bm661_ros2/install/bm661_ros2/share/bm661_ros2//launch
-- Up-to-date: /home/randy/ROS/bm661_ros2/install/bm661_ros2/share/bm661_ros2//launch/bm661.launch
-- Up-to-date: /home/randy/ROS/bm661_ros2/install/bm661_ros2/share/bm661_ros2//rviz
-- Up-to-date: /home/randy/ROS/bm661_ros2/install/bm661_ros2/share/bm661_ros2//rviz/rviz_scan.rviz
-- Up-to-date: /home/randy/ROS/bm661_ros2/install/bm661_ros2/share/ament_index/resource_index/package_run_dependencies/bm661_ros2
-- Up-to-date: /home/randy/ROS/bm661_ros2/install/bm661_ros2/share/ament_index/resource_index/parent_prefix_path/bm661_ros2
-- Up-to-date: /home/randy/ROS/bm661_ros2/install/bm661_ros2/share/bm661_ros2/environment/ament_prefix_path.sh
-- Up-to-date: /home/randy/ROS/bm661_ros2/install/bm661_ros2/share/bm661_ros2/environment/ament_prefix_path.dsv
-- Up-to-date: /home/randy/ROS/bm661_ros2/install/bm661_ros2/share/bm661_ros2/environment/path.sh
-- Up-to-date: /home/randy/ROS/bm661_ros2/install/bm661_ros2/share/bm661_ros2/environment/path.dsv
-- Up-to-date: /home/randy/ROS/bm661_ros2/install/bm661_ros2/share/bm661_ros2/local_setup.bash
-- Up-to-date: /home/randy/ROS/bm661_ros2/install/bm661_ros2/share/bm661_ros2/local_setup.sh
-- Up-to-date: /home/randy/ROS/bm661_ros2/install/bm661_ros2/share/bm661_ros2/local_setup.zsh
-- Up-to-date: /home/randy/ROS/bm661_ros2/install/bm661_ros2/share/bm661_ros2/local_setup.dsv
-- Installing: /home/randy/ROS/bm661_ros2/install/bm661_ros2/share/bm661_ros2/package.dsv
-- Up-to-date: /home/randy/ROS/bm661_ros2/install/bm661_ros2/share/ament_index/resource_index/packages/bm661_ros2
-- Up-to-date: /home/randy/ROS/bm661_ros2/install/bm661_ros2/share/bm661_ros2/cmake/bm661_ros2Config.cmake
-- Up-to-date: /home/randy/ROS/bm661_ros2/install/bm661_ros2/share/bm661_ros2/cmake/bm661_ros2Config-version.cmake
-- Up-to-date: /home/randy/ROS/bm661_ros2/install/bm661_ros2/share/bm661_ros2/package.xml
