-- Found ament_cmake: 1.3.2 (/opt/ros/humble/share/ament_cmake/cmake)
-- Found rclcpp: 16.0.1 (/opt/ros/humble/share/rclcpp/cmake)
-- Found rosidl_generator_c: 3.1.3 (/opt/ros/humble/share/rosidl_generator_c/cmake)
-- Found rosidl_adapter: 3.1.3 (/opt/ros/humble/share/rosidl_adapter/cmake)
-- Found rosidl_generator_cpp: 3.1.3 (/opt/ros/humble/share/rosidl_generator_cpp/cmake)
-- Using all available rosidl_typesupport_c: rosidl_typesupport_fastrtps_c;rosidl_typesupport_introspection_c
-- Using all available rosidl_typesupport_cpp: rosidl_typesupport_fastrtps_cpp;rosidl_typesupport_introspection_cpp
-- Found rmw_implementation_cmake: 6.1.0 (/opt/ros/humble/share/rmw_implementation_cmake/cmake)
-- Found rmw_fastrtps_cpp: 6.2.1 (/opt/ros/humble/share/rmw_fastrtps_cpp/cmake)
-- Using RMW implementation 'rmw_fastrtps_cpp' as default
-- Found rclpy: 3.3.4 (/opt/ros/humble/share/rclpy/cmake)
-- Found sensor_msgs: 4.2.2 (/opt/ros/humble/share/sensor_msgs/cmake)
-- Eigen found (include: /usr/include/eigen3, version: 3.4.0)
-- FLANN found (include: /usr/include, lib: /usr/lib/x86_64-linux-gnu/libflann_cpp.so)
-- OpenNI found (version: 1.5.4.0, include: /usr/include/ni, lib: /usr/lib/libOpenNI.so;libusb::libusb)
-- OpenNI2 found (version: 2.2.0.33, include: /usr/include/openni2, lib: /usr/lib/x86_64-linux-gnu/libOpenNI2.so;libusb::libusb)
-- Eigen found (include: /usr/include/eigen3, version: 3.4.0)
-- OpenNI found (version: 1.5.4.0, include: /usr/include/ni, lib: /usr/lib/libOpenNI.so;libusb::libusb)
-- OpenNI2 found (version: 2.2.0.33, include: /usr/include/openni2, lib: /usr/lib/x86_64-linux-gnu/libOpenNI2.so;libusb::libusb)
-- Found Qhull version 8.0.2
-- OpenNI found (version: 1.5.4.0, include: /usr/include/ni, lib: /usr/lib/libOpenNI.so;libusb::libusb)
-- looking for PCL_COMMON
-- looking for PCL_KDTREE
-- looking for PCL_OCTREE
-- looking for PCL_SEARCH
-- looking for PCL_SAMPLE_CONSENSUS
-- looking for PCL_FILTERS
-- looking for PCL_2D
-- looking for PCL_GEOMETRY
-- looking for PCL_IO
-- looking for PCL_FEATURES
-- looking for PCL_ML
-- looking for PCL_SEGMENTATION
-- looking for PCL_VISUALIZATION
-- looking for PCL_SURFACE
-- looking for PCL_REGISTRATION
-- looking for PCL_KEYPOINTS
-- looking for PCL_TRACKING
-- looking for PCL_RECOGNITION
-- looking for PCL_STEREO
-- looking for PCL_APPS
-- looking for PCL_IN_HAND_SCANNER
-- looking for PCL_MODELER
-- looking for PCL_POINT_CLOUD_EDITOR
-- looking for PCL_OUTOFCORE
-- looking for PCL_PEOPLE
-- Found ament_lint_auto: 0.12.4 (/opt/ros/humble/share/ament_lint_auto/cmake)
-- Added test 'cppcheck' to perform static code analysis on C / C++ code
-- Configured cppcheck include dirs: 
-- Configured cppcheck exclude dirs and/or files: 
-- Added test 'flake8' to check Python code syntax and style conventions
-- Added test 'lint_cmake' to check CMake code style
-- Added test 'pep257' to check Python code against some of the docstring style conventions in PEP 257
-- Added test 'uncrustify' to check C / C++ code style
-- Configured uncrustify additional arguments: 
-- Added test 'xmllint' to check XML markup files
-- Configuring done
-- Generating done
-- Build files have been written to: /home/randy/ROS/bm661_ros2/build/bm661_ros2
[ 50%] [32mBuilding CXX object CMakeFiles/bm661.dir/src/bm661.cpp.o[0m
[100%] [32m[1mLinking CXX executable bm661[0m
[100%] Built target bm661
-- Install configuration: ""
-- Installing: /home/randy/ROS/bm661_ros2/install/bm661_ros2/lib/bm661_ros2/bm661
-- Set runtime path of "/home/randy/ROS/bm661_ros2/install/bm661_ros2/lib/bm661_ros2/bm661" to ""
-- Installing: /home/randy/ROS/bm661_ros2/install/bm661_ros2/share/ament_index/resource_index/package_run_dependencies/bm661_ros2
-- Installing: /home/randy/ROS/bm661_ros2/install/bm661_ros2/share/ament_index/resource_index/parent_prefix_path/bm661_ros2
-- Installing: /home/randy/ROS/bm661_ros2/install/bm661_ros2/share/bm661_ros2/environment/ament_prefix_path.sh
-- Installing: /home/randy/ROS/bm661_ros2/install/bm661_ros2/share/bm661_ros2/environment/ament_prefix_path.dsv
-- Installing: /home/randy/ROS/bm661_ros2/install/bm661_ros2/share/bm661_ros2/environment/path.sh
-- Installing: /home/randy/ROS/bm661_ros2/install/bm661_ros2/share/bm661_ros2/environment/path.dsv
-- Installing: /home/randy/ROS/bm661_ros2/install/bm661_ros2/share/bm661_ros2/local_setup.bash
-- Installing: /home/randy/ROS/bm661_ros2/install/bm661_ros2/share/bm661_ros2/local_setup.sh
-- Installing: /home/randy/ROS/bm661_ros2/install/bm661_ros2/share/bm661_ros2/local_setup.zsh
-- Installing: /home/randy/ROS/bm661_ros2/install/bm661_ros2/share/bm661_ros2/local_setup.dsv
-- Installing: /home/randy/ROS/bm661_ros2/install/bm661_ros2/share/bm661_ros2/package.dsv
-- Installing: /home/randy/ROS/bm661_ros2/install/bm661_ros2/share/ament_index/resource_index/packages/bm661_ros2
-- Installing: /home/randy/ROS/bm661_ros2/install/bm661_ros2/share/bm661_ros2/cmake/bm661_ros2Config.cmake
-- Installing: /home/randy/ROS/bm661_ros2/install/bm661_ros2/share/bm661_ros2/cmake/bm661_ros2Config-version.cmake
-- Installing: /home/randy/ROS/bm661_ros2/install/bm661_ros2/share/bm661_ros2/package.xml
